03/09/2020 03:51:48 PM  Starting program 
03/09/2020 03:51:48 PM  program finished
03/09/2020 03:54:01 PM  Starting program 
03/09/2020 03:54:01 PM  program finished
03/09/2020 03:55:36 PM  Starting program 
03/09/2020 03:55:36 PM  program finished
03/09/2020 03:55:41 PM  Starting program 
03/09/2020 03:55:42 PM  program finished
03/09/2020 03:58:33 PM  Starting program 
03/09/2020 03:58:34 PM [OK] Lancement du programme
03/09/2020 03:58:34 PM [OK] Nom du fichier xml : C:\Users\CS5764\Desktop\codeNapoleon\assets\jorf\global\article\JORF\ARTI\00\00\38\79\28\JORFARTI000038792893.xml 
03/09/2020 03:58:34 PM [Ok] Recuperation de ID et le CONTENU
03/09/2020 03:58:34 PM [OK] Creation du fichier resultat : C:\Users\CS5764\Desktop\codeNapoleon\Resultats\articles\JORFARTI000038792893.json 
03/09/2020 04:02:30 PM  Starting program 
03/09/2020 04:02:30 PM  program finished
03/09/2020 04:02:40 PM  Starting program 
03/09/2020 04:02:41 PM  program finished
03/09/2020 04:02:54 PM  Starting program 
03/09/2020 04:03:05 PM  program finished
03/09/2020 04:05:19 PM  Starting program 
03/09/2020 04:05:29 PM  program finished
03/09/2020 04:06:19 PM  Starting program 
03/09/2020 04:07:18 PM  Starting program 
03/09/2020 04:44:59 PM  Starting program 
03/09/2020 04:47:15 PM  Starting program 
03/09/2020 04:47:16 PM [OK] Lancement du programme
03/09/2020 04:47:16 PM [OK] Nom du fichier xml : C:\Users\CS5764\Desktop\codeNapoleon\assets\jorf\global\article\JORF\ARTI\00\00\38\79\28\JORFARTI000038792893.xml 
03/09/2020 04:47:16 PM [Ok] Recuperation de ID et le CONTENU
03/09/2020 04:47:16 PM [OK] Creation du fichier resultat : C:\Users\CS5764\Desktop\codeNapoleon\Resultats\articles\JORFARTI000038792893.json 
03/09/2020 04:47:16 PM [OK] Suppression du fichier temporaire tmp_JORFARTI000038792893.json 
03/09/2020 04:47:16 PM [OK] Fin du programme
03/09/2020 04:47:16 PM [OK] Lancement du programme
03/09/2020 04:47:16 PM [OK] Nom du fichier xml : C:\Users\CS5764\Desktop\codeNapoleon\assets\jorf\global\article\JORF\ARTI\00\00\38\79\29\JORFARTI000038792912.xml 
03/09/2020 04:47:16 PM [Ok] Recuperation de ID et le CONTENU
03/09/2020 04:47:16 PM [OK] Creation du fichier resultat : C:\Users\CS5764\Desktop\codeNapoleon\Resultats\articles\JORFARTI000038792912.json 
03/09/2020 04:47:16 PM [OK] Suppression du fichier temporaire tmp_JORFARTI000038792912.json 
03/09/2020 04:47:16 PM [OK] Fin du programme
03/09/2020 04:47:16 PM [OK] Lancement du programme
03/09/2020 04:47:16 PM [OK] Nom du fichier xml : C:\Users\CS5764\Desktop\codeNapoleon\assets\jorf\global\article\JORF\ARTI\00\00\38\79\29\JORFARTI000038792933.xml 
03/09/2020 04:47:16 PM [Ok] Recuperation de ID et le CONTENU
03/09/2020 04:47:16 PM [OK] Creation du fichier resultat : C:\Users\CS5764\Desktop\codeNapoleon\Resultats\articles\JORFARTI000038792933.json 
03/09/2020 04:47:16 PM [OK] Suppression du fichier temporaire tmp_JORFARTI000038792933.json 
03/09/2020 04:47:16 PM [OK] Fin du programme
03/09/2020 04:47:16 PM [OK] Lancement du programme
03/09/2020 04:47:16 PM [OK] Nom du fichier xml : C:\Users\CS5764\Desktop\codeNapoleon\assets\jorf\global\article\JORF\ARTI\00\00\38\79\29\JORFARTI000038792935.xml 
03/09/2020 04:47:16 PM [Ok] Recuperation de ID et le CONTENU
03/09/2020 04:47:16 PM [OK] Creation du fichier resultat : C:\Users\CS5764\Desktop\codeNapoleon\Resultats\articles\JORFARTI000038792935.json 
03/09/2020 04:47:16 PM [OK] Suppression du fichier temporaire tmp_JORFARTI000038792935.json 
03/09/2020 04:47:16 PM [OK] Fin du programme
03/09/2020 04:47:16 PM [OK] Lancement du programme
03/09/2020 04:47:16 PM [OK] Nom du fichier xml : C:\Users\CS5764\Desktop\codeNapoleon\assets\jorf\global\article\JORF\ARTI\00\00\38\79\29\JORFARTI000038792939.xml 
03/09/2020 04:47:16 PM [Ok] Recuperation de ID et le CONTENU
03/09/2020 04:47:16 PM [OK] Creation du fichier resultat : C:\Users\CS5764\Desktop\codeNapoleon\Resultats\articles\JORFARTI000038792939.json 
03/09/2020 04:47:17 PM [OK] Suppression du fichier temporaire tmp_JORFARTI000038792939.json 
03/09/2020 04:47:17 PM [OK] Fin du programme
03/09/2020 04:47:17 PM [OK] Lancement du programme
03/09/2020 04:47:17 PM [OK] Nom du fichier xml : C:\Users\CS5764\Desktop\codeNapoleon\assets\jorf\global\article\JORF\ARTI\00\00\38\79\29\JORFARTI000038792942.xml 
03/09/2020 04:48:22 PM  Starting program 
03/09/2020 04:48:22 PM [OK] Lancement du programme
03/09/2020 04:48:22 PM [OK] Nom du fichier xml : C:\Users\CS5764\Desktop\codeNapoleon\assets\jorf\global\article\JORF\ARTI\00\00\38\79\28\JORFARTI000038792893.xml 
03/09/2020 04:48:22 PM [Ok] Recuperation de ID et le CONTENU
03/09/2020 04:48:22 PM [OK] Creation du fichier resultat : C:\Users\CS5764\Desktop\codeNapoleon\Resultats\articles\JORFARTI000038792893.json 
03/09/2020 04:48:22 PM [OK] Suppression du fichier temporaire tmp_JORFARTI000038792893.json 
03/09/2020 04:48:22 PM [OK] Fin du programme
03/09/2020 04:48:22 PM [OK] Lancement du programme
03/09/2020 04:48:22 PM [OK] Nom du fichier xml : C:\Users\CS5764\Desktop\codeNapoleon\assets\jorf\global\article\JORF\ARTI\00\00\38\79\29\JORFARTI000038792912.xml 
03/09/2020 04:48:22 PM [Ok] Recuperation de ID et le CONTENU
03/09/2020 04:48:22 PM [OK] Creation du fichier resultat : C:\Users\CS5764\Desktop\codeNapoleon\Resultats\articles\JORFARTI000038792912.json 
03/09/2020 04:48:22 PM [OK] Suppression du fichier temporaire tmp_JORFARTI000038792912.json 
03/09/2020 04:48:22 PM [OK] Fin du programme
03/09/2020 04:48:22 PM [OK] Lancement du programme
03/09/2020 04:48:22 PM [OK] Nom du fichier xml : C:\Users\CS5764\Desktop\codeNapoleon\assets\jorf\global\article\JORF\ARTI\00\00\38\79\29\JORFARTI000038792933.xml 
03/09/2020 04:48:22 PM [Ok] Recuperation de ID et le CONTENU
03/09/2020 04:48:22 PM [OK] Creation du fichier resultat : C:\Users\CS5764\Desktop\codeNapoleon\Resultats\articles\JORFARTI000038792933.json 
03/09/2020 04:48:23 PM [OK] Suppression du fichier temporaire tmp_JORFARTI000038792933.json 
03/09/2020 04:48:23 PM [OK] Fin du programme
03/09/2020 04:48:23 PM [OK] Lancement du programme
03/09/2020 04:48:23 PM [OK] Nom du fichier xml : C:\Users\CS5764\Desktop\codeNapoleon\assets\jorf\global\article\JORF\ARTI\00\00\38\79\29\JORFARTI000038792935.xml 
03/09/2020 04:48:23 PM [Ok] Recuperation de ID et le CONTENU
03/09/2020 04:48:23 PM [OK] Creation du fichier resultat : C:\Users\CS5764\Desktop\codeNapoleon\Resultats\articles\JORFARTI000038792935.json 
03/09/2020 04:48:24 PM [OK] Suppression du fichier temporaire tmp_JORFARTI000038792935.json 
03/09/2020 04:48:24 PM [OK] Fin du programme
03/09/2020 04:48:24 PM [OK] Lancement du programme
03/09/2020 04:48:24 PM [OK] Nom du fichier xml : C:\Users\CS5764\Desktop\codeNapoleon\assets\jorf\global\article\JORF\ARTI\00\00\38\79\29\JORFARTI000038792939.xml 
03/09/2020 04:48:24 PM [Ok] Recuperation de ID et le CONTENU
03/09/2020 04:48:24 PM [OK] Creation du fichier resultat : C:\Users\CS5764\Desktop\codeNapoleon\Resultats\articles\JORFARTI000038792939.json 
03/09/2020 04:48:24 PM [OK] Suppression du fichier temporaire tmp_JORFARTI000038792939.json 
03/09/2020 04:48:24 PM [OK] Fin du programme
03/09/2020 04:48:24 PM [OK] Lancement du programme
03/09/2020 04:48:24 PM [OK] Nom du fichier xml : C:\Users\CS5764\Desktop\codeNapoleon\assets\jorf\global\article\JORF\ARTI\00\00\38\79\29\JORFARTI000038792942.xml 
03/09/2020 04:48:24 PM [Ok] Recuperation de ID et le CONTENU
03/09/2020 04:48:24 PM [OK] Creation du fichier resultat : C:\Users\CS5764\Desktop\codeNapoleon\Resultats\articles\JORFARTI000038792942.json 
03/09/2020 04:50:39 PM  Starting program 
03/09/2020 04:50:40 PM [OK] Lancement du programme
03/09/2020 04:50:40 PM [OK] Nom du fichier xml : C:\Users\CS5764\Desktop\codeNapoleon\assets\jorf\global\article\JORF\ARTI\00\00\38\79\28\JORFARTI000038792893.xml 
03/09/2020 04:50:40 PM [Ok] Recuperation de ID et le CONTENU
03/09/2020 04:50:40 PM [OK] Creation du fichier resultat : C:\Users\CS5764\Desktop\codeNapoleon\Resultats\articles\JORFARTI000038792893.json 
03/09/2020 04:50:40 PM [OK] Suppression du fichier temporaire tmp_JORFARTI000038792893.json 
03/09/2020 04:50:40 PM [OK] Fin du programme
03/09/2020 04:50:40 PM [OK] Lancement du programme
03/09/2020 04:50:40 PM [OK] Nom du fichier xml : C:\Users\CS5764\Desktop\codeNapoleon\assets\jorf\global\article\JORF\ARTI\00\00\38\79\29\JORFARTI000038792912.xml 
03/09/2020 04:50:40 PM [Ok] Recuperation de ID et le CONTENU
03/09/2020 04:50:40 PM [OK] Creation du fichier resultat : C:\Users\CS5764\Desktop\codeNapoleon\Resultats\articles\JORFARTI000038792912.json 
03/09/2020 04:50:41 PM [OK] Suppression du fichier temporaire tmp_JORFARTI000038792912.json 
03/09/2020 04:50:41 PM [OK] Fin du programme
03/09/2020 04:50:41 PM [OK] Lancement du programme
03/09/2020 04:50:41 PM [OK] Nom du fichier xml : C:\Users\CS5764\Desktop\codeNapoleon\assets\jorf\global\article\JORF\ARTI\00\00\38\79\29\JORFARTI000038792933.xml 
03/09/2020 04:50:41 PM [Ok] Recuperation de ID et le CONTENU
03/09/2020 04:50:41 PM [OK] Creation du fichier resultat : C:\Users\CS5764\Desktop\codeNapoleon\Resultats\articles\JORFARTI000038792933.json 
03/09/2020 04:50:41 PM [OK] Suppression du fichier temporaire tmp_JORFARTI000038792933.json 
03/09/2020 04:50:41 PM [OK] Fin du programme
03/09/2020 04:51:25 PM  Starting program 
03/09/2020 04:51:25 PM [OK] Lancement du programme
03/09/2020 04:51:25 PM [OK] Nom du fichier xml : C:\Users\CS5764\Desktop\codeNapoleon\assets\jorf\global\article\JORF\ARTI\00\00\38\79\28\JORFARTI000038792893.xml 
03/09/2020 04:51:25 PM [Ok] Recuperation de ID et le CONTENU
03/09/2020 04:51:25 PM [OK] Creation du fichier resultat : C:\Users\CS5764\Desktop\codeNapoleon\Resultats\articles\JORFARTI000038792893.json 
03/09/2020 04:51:25 PM [OK] Suppression du fichier temporaire tmp_JORFARTI000038792893.json 
03/09/2020 04:51:25 PM [OK] Fin du programme
03/09/2020 04:51:25 PM [OK] Lancement du programme
03/09/2020 04:51:25 PM [OK] Nom du fichier xml : C:\Users\CS5764\Desktop\codeNapoleon\assets\jorf\global\article\JORF\ARTI\00\00\38\79\29\JORFARTI000038792912.xml 
03/09/2020 04:51:25 PM [Ok] Recuperation de ID et le CONTENU
03/09/2020 04:51:25 PM [OK] Creation du fichier resultat : C:\Users\CS5764\Desktop\codeNapoleon\Resultats\articles\JORFARTI000038792912.json 
03/09/2020 04:51:25 PM [OK] Suppression du fichier temporaire tmp_JORFARTI000038792912.json 
03/09/2020 04:51:25 PM [OK] Fin du programme
03/09/2020 04:51:25 PM [OK] Lancement du programme
03/09/2020 04:51:25 PM [OK] Nom du fichier xml : C:\Users\CS5764\Desktop\codeNapoleon\assets\jorf\global\article\JORF\ARTI\00\00\38\79\29\JORFARTI000038792933.xml 
03/09/2020 04:51:25 PM [Ok] Recuperation de ID et le CONTENU
03/09/2020 04:51:25 PM [OK] Creation du fichier resultat : C:\Users\CS5764\Desktop\codeNapoleon\Resultats\articles\JORFARTI000038792933.json 
03/09/2020 04:51:26 PM [OK] Suppression du fichier temporaire tmp_JORFARTI000038792933.json 
03/09/2020 04:51:26 PM [OK] Fin du programme
03/09/2020 04:51:26 PM [OK] Lancement du programme
03/09/2020 04:51:26 PM [OK] Nom du fichier xml : C:\Users\CS5764\Desktop\codeNapoleon\assets\jorf\global\article\JORF\ARTI\00\00\38\79\29\JORFARTI000038792935.xml 
03/09/2020 04:51:26 PM [Ok] Recuperation de ID et le CONTENU
03/09/2020 04:51:26 PM [OK] Creation du fichier resultat : C:\Users\CS5764\Desktop\codeNapoleon\Resultats\articles\JORFARTI000038792935.json 
03/09/2020 04:51:26 PM [OK] Suppression du fichier temporaire tmp_JORFARTI000038792935.json 
03/09/2020 04:51:26 PM [OK] Fin du programme
03/09/2020 04:51:26 PM [OK] Lancement du programme
03/09/2020 04:51:26 PM [OK] Nom du fichier xml : C:\Users\CS5764\Desktop\codeNapoleon\assets\jorf\global\article\JORF\ARTI\00\00\38\79\29\JORFARTI000038792939.xml 
03/09/2020 04:51:26 PM [Ok] Recuperation de ID et le CONTENU
03/09/2020 04:51:26 PM [OK] Creation du fichier resultat : C:\Users\CS5764\Desktop\codeNapoleon\Resultats\articles\JORFARTI000038792939.json 
03/09/2020 04:51:26 PM [OK] Suppression du fichier temporaire tmp_JORFARTI000038792939.json 
03/09/2020 04:51:26 PM [OK] Fin du programme
03/09/2020 04:51:26 PM [OK] Lancement du programme
03/09/2020 04:51:26 PM [OK] Nom du fichier xml : C:\Users\CS5764\Desktop\codeNapoleon\assets\jorf\global\article\JORF\ARTI\00\00\38\79\29\JORFARTI000038792942.xml 
03/09/2020 04:51:26 PM [Ok] Recuperation de ID et le CONTENU
03/09/2020 04:51:26 PM [OK] Creation du fichier resultat : C:\Users\CS5764\Desktop\codeNapoleon\Resultats\articles\JORFARTI000038792942.json 
03/09/2020 04:51:26 PM [OK] Suppression du fichier temporaire tmp_JORFARTI000038792942.json 
03/09/2020 04:51:26 PM [OK] Fin du programme
03/09/2020 04:51:26 PM [OK] Lancement du programme
03/09/2020 04:51:26 PM [OK] Nom du fichier xml : C:\Users\CS5764\Desktop\codeNapoleon\assets\jorf\global\article\JORF\ARTI\00\00\38\79\29\JORFARTI000038792945.xml 
03/09/2020 04:51:26 PM [Ok] Recuperation de ID et le CONTENU
03/09/2020 04:51:26 PM [OK] Creation du fichier resultat : C:\Users\CS5764\Desktop\codeNapoleon\Resultats\articles\JORFARTI000038792945.json 
03/09/2020 04:51:26 PM [OK] Suppression du fichier temporaire tmp_JORFARTI000038792945.json 
03/09/2020 04:51:26 PM [OK] Fin du programme
03/09/2020 04:51:26 PM [OK] Lancement du programme
03/09/2020 04:51:26 PM [OK] Nom du fichier xml : C:\Users\CS5764\Desktop\codeNapoleon\assets\jorf\global\article\JORF\ARTI\00\00\38\79\29\JORFARTI000038792953.xml 
03/09/2020 05:02:18 PM  Starting program 
03/09/2020 05:02:19 PM [OK] Lancement du programme
03/09/2020 05:02:19 PM [OK] Nom du fichier xml : C:\Users\CS5764\Desktop\codeNapoleon\assets\jorf\global\article\JORF\ARTI\00\00\38\79\28\JORFARTI000038792893.xml 
03/09/2020 05:02:19 PM [Ok] Recuperation de ID et le CONTENU
03/09/2020 05:02:19 PM [OK] Creation du fichier resultat : C:\Users\CS5764\Desktop\codeNapoleon\Resultats\articles\JORFARTI000038792893.json 
03/09/2020 05:05:35 PM  Starting program 
03/09/2020 05:05:36 PM [OK] Lancement du programme
03/09/2020 05:05:36 PM [OK] Nom du fichier xml : C:\Users\CS5764\Desktop\codeNapoleon\assets\jorf\global\article\JORF\ARTI\00\00\38\79\28\JORFARTI000038792893.xml 
03/09/2020 05:05:36 PM [Ok] Recuperation de ID et le CONTENU
03/09/2020 05:05:36 PM [OK] Creation du fichier resultat : C:\Users\CS5764\Desktop\codeNapoleon\Resultats\articles\JORFARTI000038792893.json 
03/09/2020 05:05:36 PM [OK] Suppression du fichier temporaire tmp_JORFARTI000038792893.json 
03/09/2020 05:05:36 PM [OK] Fin du programme
03/09/2020 05:05:36 PM [OK] Lancement du programme
03/09/2020 05:05:36 PM [OK] Nom du fichier xml : C:\Users\CS5764\Desktop\codeNapoleon\assets\jorf\global\article\JORF\ARTI\00\00\38\79\29\JORFARTI000038792912.xml 
03/09/2020 05:05:36 PM [Ok] Recuperation de ID et le CONTENU
03/09/2020 05:05:36 PM [OK] Creation du fichier resultat : C:\Users\CS5764\Desktop\codeNapoleon\Resultats\articles\JORFARTI000038792912.json 
03/09/2020 05:05:36 PM [OK] Suppression du fichier temporaire tmp_JORFARTI000038792912.json 
03/09/2020 05:05:36 PM [OK] Fin du programme
03/09/2020 05:05:36 PM [OK] Lancement du programme
03/09/2020 05:05:36 PM [OK] Nom du fichier xml : C:\Users\CS5764\Desktop\codeNapoleon\assets\jorf\global\article\JORF\ARTI\00\00\38\79\29\JORFARTI000038792933.xml 
03/09/2020 05:05:36 PM [Ok] Recuperation de ID et le CONTENU
03/09/2020 05:05:36 PM [OK] Creation du fichier resultat : C:\Users\CS5764\Desktop\codeNapoleon\Resultats\articles\JORFARTI000038792933.json 
03/09/2020 05:05:36 PM [OK] Suppression du fichier temporaire tmp_JORFARTI000038792933.json 
03/09/2020 05:05:36 PM [OK] Fin du programme
03/09/2020 05:05:36 PM [OK] Lancement du programme
03/09/2020 05:05:36 PM [OK] Nom du fichier xml : C:\Users\CS5764\Desktop\codeNapoleon\assets\jorf\global\article\JORF\ARTI\00\00\38\79\29\JORFARTI000038792935.xml 
03/09/2020 05:05:36 PM [Ok] Recuperation de ID et le CONTENU
03/09/2020 05:05:36 PM [OK] Creation du fichier resultat : C:\Users\CS5764\Desktop\codeNapoleon\Resultats\articles\JORFARTI000038792935.json 
03/09/2020 05:05:36 PM [OK] Suppression du fichier temporaire tmp_JORFARTI000038792935.json 
03/09/2020 05:05:36 PM [OK] Fin du programme
03/09/2020 05:05:36 PM [OK] Lancement du programme
03/09/2020 05:05:36 PM [OK] Nom du fichier xml : C:\Users\CS5764\Desktop\codeNapoleon\assets\jorf\global\article\JORF\ARTI\00\00\38\79\29\JORFARTI000038792939.xml 
03/09/2020 05:05:36 PM [Ok] Recuperation de ID et le CONTENU
03/09/2020 05:05:36 PM [OK] Creation du fichier resultat : C:\Users\CS5764\Desktop\codeNapoleon\Resultats\articles\JORFARTI000038792939.json 
03/09/2020 05:05:36 PM [OK] Suppression du fichier temporaire tmp_JORFARTI000038792939.json 
03/09/2020 05:05:36 PM [OK] Fin du programme
03/09/2020 05:05:36 PM [OK] Lancement du programme
03/09/2020 05:05:36 PM [OK] Nom du fichier xml : C:\Users\CS5764\Desktop\codeNapoleon\assets\jorf\global\article\JORF\ARTI\00\00\38\79\29\JORFARTI000038792942.xml 
03/09/2020 05:05:36 PM [Ok] Recuperation de ID et le CONTENU
03/09/2020 05:05:37 PM [OK] Creation du fichier resultat : C:\Users\CS5764\Desktop\codeNapoleon\Resultats\articles\JORFARTI000038792942.json 
03/09/2020 05:05:38 PM [OK] Suppression du fichier temporaire tmp_JORFARTI000038792942.json 
03/09/2020 05:05:38 PM [OK] Fin du programme
03/09/2020 05:05:38 PM [OK] Lancement du programme
03/09/2020 05:05:38 PM [OK] Nom du fichier xml : C:\Users\CS5764\Desktop\codeNapoleon\assets\jorf\global\article\JORF\ARTI\00\00\38\79\29\JORFARTI000038792945.xml 
03/09/2020 05:05:38 PM [Ok] Recuperation de ID et le CONTENU
03/09/2020 05:05:38 PM [OK] Creation du fichier resultat : C:\Users\CS5764\Desktop\codeNapoleon\Resultats\articles\JORFARTI000038792945.json 
03/09/2020 05:05:38 PM [OK] Suppression du fichier temporaire tmp_JORFARTI000038792945.json 
03/09/2020 05:05:38 PM [OK] Fin du programme
03/09/2020 05:05:38 PM [OK] Lancement du programme
03/09/2020 05:05:38 PM [OK] Nom du fichier xml : C:\Users\CS5764\Desktop\codeNapoleon\assets\jorf\global\article\JORF\ARTI\00\00\38\79\29\JORFARTI000038792953.xml 
03/09/2020 05:05:38 PM [Ok] Recuperation de ID et le CONTENU
03/09/2020 05:05:38 PM [OK] Creation du fichier resultat : C:\Users\CS5764\Desktop\codeNapoleon\Resultats\articles\JORFARTI000038792953.json 
03/09/2020 05:05:38 PM [OK] Suppression du fichier temporaire tmp_JORFARTI000038792953.json 
03/09/2020 05:05:38 PM [OK] Fin du programme
03/09/2020 05:05:38 PM [OK] Lancement du programme
03/09/2020 05:05:38 PM [OK] Nom du fichier xml : C:\Users\CS5764\Desktop\codeNapoleon\assets\jorf\global\article\JORF\ARTI\00\00\38\79\29\JORFARTI000038792957.xml 
03/09/2020 05:05:38 PM [Ok] Recuperation de ID et le CONTENU
03/09/2020 05:05:38 PM [OK] Creation du fichier resultat : C:\Users\CS5764\Desktop\codeNapoleon\Resultats\articles\JORFARTI000038792957.json 
03/09/2020 05:05:39 PM [OK] Suppression du fichier temporaire tmp_JORFARTI000038792957.json 
03/09/2020 05:05:39 PM [OK] Fin du programme
03/09/2020 05:05:39 PM [OK] Lancement du programme
03/09/2020 05:05:39 PM [OK] Nom du fichier xml : C:\Users\CS5764\Desktop\codeNapoleon\assets\jorf\global\article\JORF\ARTI\00\00\38\79\29\JORFARTI000038792958.xml 
03/09/2020 05:05:39 PM [Ok] Recuperation de ID et le CONTENU
03/09/2020 05:05:39 PM [OK] Creation du fichier resultat : C:\Users\CS5764\Desktop\codeNapoleon\Resultats\articles\JORFARTI000038792958.json 
03/09/2020 05:05:39 PM [OK] Suppression du fichier temporaire tmp_JORFARTI000038792958.json 
03/09/2020 05:05:39 PM [OK] Fin du programme
03/09/2020 05:05:39 PM [OK] Lancement du programme
03/09/2020 05:05:39 PM [OK] Nom du fichier xml : C:\Users\CS5764\Desktop\codeNapoleon\assets\jorf\global\article\JORF\ARTI\00\00\38\79\29\JORFARTI000038792959.xml 
03/09/2020 05:05:39 PM [Ok] Recuperation de ID et le CONTENU
03/09/2020 05:05:39 PM [OK] Creation du fichier resultat : C:\Users\CS5764\Desktop\codeNapoleon\Resultats\articles\JORFARTI000038792959.json 
03/09/2020 05:05:39 PM [OK] Suppression du fichier temporaire tmp_JORFARTI000038792959.json 
03/09/2020 05:05:39 PM [OK] Fin du programme
03/09/2020 05:05:39 PM [OK] Lancement du programme
03/09/2020 05:05:39 PM [OK] Nom du fichier xml : C:\Users\CS5764\Desktop\codeNapoleon\assets\jorf\global\article\JORF\ARTI\00\00\38\79\29\JORFARTI000038792960.xml 
03/09/2020 05:05:39 PM [Ok] Recuperation de ID et le CONTENU
03/09/2020 05:05:39 PM [OK] Creation du fichier resultat : C:\Users\CS5764\Desktop\codeNapoleon\Resultats\articles\JORFARTI000038792960.json 
03/09/2020 05:05:39 PM [OK] Suppression du fichier temporaire tmp_JORFARTI000038792960.json 
03/09/2020 05:05:39 PM [OK] Fin du programme
03/09/2020 05:05:39 PM [OK] Lancement du programme
03/09/2020 05:05:39 PM [OK] Nom du fichier xml : C:\Users\CS5764\Desktop\codeNapoleon\assets\jorf\global\article\JORF\ARTI\00\00\38\79\29\JORFARTI000038792961.xml 
03/09/2020 05:05:39 PM [Ok] Recuperation de ID et le CONTENU
03/09/2020 05:05:39 PM [OK] Creation du fichier resultat : C:\Users\CS5764\Desktop\codeNapoleon\Resultats\articles\JORFARTI000038792961.json 
03/09/2020 05:05:39 PM [OK] Suppression du fichier temporaire tmp_JORFARTI000038792961.json 
03/09/2020 05:05:39 PM [OK] Fin du programme
03/09/2020 05:05:39 PM [OK] Lancement du programme
03/09/2020 05:05:39 PM [OK] Nom du fichier xml : C:\Users\CS5764\Desktop\codeNapoleon\assets\jorf\global\article\JORF\ARTI\00\00\38\79\29\JORFARTI000038792962.xml 
03/09/2020 05:05:39 PM [Ok] Recuperation de ID et le CONTENU
03/09/2020 05:05:39 PM [OK] Creation du fichier resultat : C:\Users\CS5764\Desktop\codeNapoleon\Resultats\articles\JORFARTI000038792962.json 
03/09/2020 05:05:39 PM [OK] Suppression du fichier temporaire tmp_JORFARTI000038792962.json 
03/09/2020 05:05:39 PM [OK] Fin du programme
03/09/2020 05:05:39 PM [OK] Lancement du programme
03/09/2020 05:05:39 PM [OK] Nom du fichier xml : C:\Users\CS5764\Desktop\codeNapoleon\assets\jorf\global\article\JORF\ARTI\00\00\38\79\29\JORFARTI000038792969.xml 
03/09/2020 05:05:39 PM [Ok] Recuperation de ID et le CONTENU
03/09/2020 05:05:39 PM [OK] Creation du fichier resultat : C:\Users\CS5764\Desktop\codeNapoleon\Resultats\articles\JORFARTI000038792969.json 
03/09/2020 05:05:40 PM [OK] Suppression du fichier temporaire tmp_JORFARTI000038792969.json 
03/09/2020 05:05:40 PM [OK] Fin du programme
03/09/2020 05:05:40 PM [OK] Lancement du programme
03/09/2020 05:05:40 PM [OK] Nom du fichier xml : C:\Users\CS5764\Desktop\codeNapoleon\assets\jorf\global\article\JORF\ARTI\00\00\38\79\29\JORFARTI000038792971.xml 
03/09/2020 05:05:40 PM [Ok] Recuperation de ID et le CONTENU
03/09/2020 05:05:40 PM [OK] Creation du fichier resultat : C:\Users\CS5764\Desktop\codeNapoleon\Resultats\articles\JORFARTI000038792971.json 
03/09/2020 05:05:40 PM [OK] Suppression du fichier temporaire tmp_JORFARTI000038792971.json 
03/09/2020 05:05:40 PM [OK] Fin du programme
03/09/2020 05:05:40 PM [OK] Lancement du programme
03/09/2020 05:05:40 PM [OK] Nom du fichier xml : C:\Users\CS5764\Desktop\codeNapoleon\assets\jorf\global\article\JORF\ARTI\00\00\38\79\29\JORFARTI000038792973.xml 
03/09/2020 05:05:40 PM [Ok] Recuperation de ID et le CONTENU
03/09/2020 05:05:40 PM [OK] Creation du fichier resultat : C:\Users\CS5764\Desktop\codeNapoleon\Resultats\articles\JORFARTI000038792973.json 
03/09/2020 05:05:41 PM [OK] Suppression du fichier temporaire tmp_JORFARTI000038792973.json 
03/09/2020 05:05:41 PM [OK] Fin du programme
03/09/2020 05:05:41 PM [OK] Lancement du programme
03/09/2020 05:05:41 PM [OK] Nom du fichier xml : C:\Users\CS5764\Desktop\codeNapoleon\assets\jorf\global\article\JORF\ARTI\00\00\38\79\29\JORFARTI000038792975.xml 
03/09/2020 05:05:41 PM [Ok] Recuperation de ID et le CONTENU
03/09/2020 05:05:41 PM [OK] Creation du fichier resultat : C:\Users\CS5764\Desktop\codeNapoleon\Resultats\articles\JORFARTI000038792975.json 
03/09/2020 05:05:41 PM [OK] Suppression du fichier temporaire tmp_JORFARTI000038792975.json 
03/09/2020 05:05:41 PM [OK] Fin du programme
03/09/2020 05:05:41 PM [OK] Lancement du programme
03/09/2020 05:05:41 PM [OK] Nom du fichier xml : C:\Users\CS5764\Desktop\codeNapoleon\assets\jorf\global\article\JORF\ARTI\00\00\38\79\29\JORFARTI000038792976.xml 
03/09/2020 05:05:41 PM [Ok] Recuperation de ID et le CONTENU
03/09/2020 05:05:41 PM [OK] Creation du fichier resultat : C:\Users\CS5764\Desktop\codeNapoleon\Resultats\articles\JORFARTI000038792976.json 
03/09/2020 05:05:41 PM [OK] Suppression du fichier temporaire tmp_JORFARTI000038792976.json 
03/09/2020 05:05:41 PM [OK] Fin du programme
03/09/2020 05:05:41 PM [OK] Lancement du programme
03/09/2020 05:05:41 PM [OK] Nom du fichier xml : C:\Users\CS5764\Desktop\codeNapoleon\assets\jorf\global\article\JORF\ARTI\00\00\38\79\29\JORFARTI000038792983.xml 
03/09/2020 05:05:41 PM [Ok] Recuperation de ID et le CONTENU
03/09/2020 05:05:41 PM [OK] Creation du fichier resultat : C:\Users\CS5764\Desktop\codeNapoleon\Resultats\articles\JORFARTI000038792983.json 
03/09/2020 05:05:41 PM [OK] Suppression du fichier temporaire tmp_JORFARTI000038792983.json 
03/09/2020 05:05:41 PM [OK] Fin du programme
03/09/2020 05:05:41 PM [OK] Lancement du programme
03/09/2020 05:05:41 PM [OK] Nom du fichier xml : C:\Users\CS5764\Desktop\codeNapoleon\assets\jorf\global\article\JORF\ARTI\00\00\38\79\29\JORFARTI000038792985.xml 
03/09/2020 05:05:41 PM [Ok] Recuperation de ID et le CONTENU
03/09/2020 05:05:41 PM [OK] Creation du fichier resultat : C:\Users\CS5764\Desktop\codeNapoleon\Resultats\articles\JORFARTI000038792985.json 
03/09/2020 05:05:41 PM [OK] Suppression du fichier temporaire tmp_JORFARTI000038792985.json 
03/09/2020 05:05:41 PM [OK] Fin du programme
03/09/2020 05:05:41 PM [OK] Lancement du programme
03/09/2020 05:05:41 PM [OK] Nom du fichier xml : C:\Users\CS5764\Desktop\codeNapoleon\assets\jorf\global\article\JORF\ARTI\00\00\38\79\29\JORFARTI000038792991.xml 
03/09/2020 05:05:41 PM [Ok] Recuperation de ID et le CONTENU
03/09/2020 05:05:41 PM [OK] Creation du fichier resultat : C:\Users\CS5764\Desktop\codeNapoleon\Resultats\articles\JORFARTI000038792991.json 
03/09/2020 05:05:42 PM [OK] Suppression du fichier temporaire tmp_JORFARTI000038792991.json 
03/09/2020 05:05:42 PM [OK] Fin du programme
03/09/2020 05:05:42 PM [OK] Lancement du programme
03/09/2020 05:05:42 PM [OK] Nom du fichier xml : C:\Users\CS5764\Desktop\codeNapoleon\assets\jorf\global\article\JORF\ARTI\00\00\38\79\29\JORFARTI000038792992.xml 
03/09/2020 05:05:42 PM [Ok] Recuperation de ID et le CONTENU
03/09/2020 05:05:42 PM [OK] Creation du fichier resultat : C:\Users\CS5764\Desktop\codeNapoleon\Resultats\articles\JORFARTI000038792992.json 
03/09/2020 05:05:42 PM [OK] Suppression du fichier temporaire tmp_JORFARTI000038792992.json 
03/09/2020 05:05:42 PM [OK] Fin du programme
03/09/2020 05:05:42 PM [OK] Lancement du programme
03/09/2020 05:05:42 PM [OK] Nom du fichier xml : C:\Users\CS5764\Desktop\codeNapoleon\assets\jorf\global\article\JORF\ARTI\00\00\38\79\29\JORFARTI000038792994.xml 
03/09/2020 05:05:42 PM [Ok] Recuperation de ID et le CONTENU
03/09/2020 05:05:42 PM [OK] Creation du fichier resultat : C:\Users\CS5764\Desktop\codeNapoleon\Resultats\articles\JORFARTI000038792994.json 
03/09/2020 05:05:42 PM [OK] Suppression du fichier temporaire tmp_JORFARTI000038792994.json 
03/09/2020 05:05:42 PM [OK] Fin du programme
03/09/2020 05:05:42 PM [OK] Lancement du programme
03/09/2020 05:05:42 PM [OK] Nom du fichier xml : C:\Users\CS5764\Desktop\codeNapoleon\assets\jorf\global\article\JORF\ARTI\00\00\38\79\29\JORFARTI000038792995.xml 
03/09/2020 05:05:42 PM [Ok] Recuperation de ID et le CONTENU
03/09/2020 05:05:42 PM [OK] Creation du fichier resultat : C:\Users\CS5764\Desktop\codeNapoleon\Resultats\articles\JORFARTI000038792995.json 
03/09/2020 05:05:43 PM [OK] Suppression du fichier temporaire tmp_JORFARTI000038792995.json 
03/09/2020 05:05:43 PM [OK] Fin du programme
03/09/2020 05:05:43 PM [OK] Lancement du programme
03/09/2020 05:05:43 PM [OK] Nom du fichier xml : C:\Users\CS5764\Desktop\codeNapoleon\assets\jorf\global\article\JORF\ARTI\00\00\38\79\29\JORFARTI000038792996.xml 
03/09/2020 05:05:43 PM [Ok] Recuperation de ID et le CONTENU
03/09/2020 05:05:43 PM [OK] Creation du fichier resultat : C:\Users\CS5764\Desktop\codeNapoleon\Resultats\articles\JORFARTI000038792996.json 
03/09/2020 05:05:43 PM [OK] Suppression du fichier temporaire tmp_JORFARTI000038792996.json 
03/09/2020 05:05:43 PM [OK] Fin du programme
03/09/2020 05:05:43 PM [OK] Lancement du programme
03/09/2020 05:05:43 PM [OK] Nom du fichier xml : C:\Users\CS5764\Desktop\codeNapoleon\assets\jorf\global\article\JORF\ARTI\00\00\38\79\29\JORFARTI000038792997.xml 
03/09/2020 05:05:43 PM [Ok] Recuperation de ID et le CONTENU
03/09/2020 05:05:43 PM [OK] Creation du fichier resultat : C:\Users\CS5764\Desktop\codeNapoleon\Resultats\articles\JORFARTI000038792997.json 
03/09/2020 05:05:43 PM [OK] Suppression du fichier temporaire tmp_JORFARTI000038792997.json 
03/09/2020 05:05:43 PM [OK] Fin du programme
03/09/2020 05:05:43 PM [OK] Lancement du programme
03/09/2020 05:05:43 PM [OK] Nom du fichier xml : C:\Users\CS5764\Desktop\codeNapoleon\assets\jorf\global\article\JORF\ARTI\00\00\38\79\30\JORFARTI000038793005.xml 
03/09/2020 05:05:43 PM [Ok] Recuperation de ID et le CONTENU
03/09/2020 05:05:43 PM [OK] Creation du fichier resultat : C:\Users\CS5764\Desktop\codeNapoleon\Resultats\articles\JORFARTI000038793005.json 
03/09/2020 05:05:43 PM [OK] Suppression du fichier temporaire tmp_JORFARTI000038793005.json 
03/09/2020 05:05:43 PM [OK] Fin du programme
03/09/2020 05:05:43 PM [OK] Lancement du programme
03/09/2020 05:05:43 PM [OK] Nom du fichier xml : C:\Users\CS5764\Desktop\codeNapoleon\assets\jorf\global\article\JORF\ARTI\00\00\38\79\30\JORFARTI000038793008.xml 
03/09/2020 05:05:43 PM [Ok] Recuperation de ID et le CONTENU
03/09/2020 05:05:43 PM [OK] Creation du fichier resultat : C:\Users\CS5764\Desktop\codeNapoleon\Resultats\articles\JORFARTI000038793008.json 
03/09/2020 05:05:43 PM [OK] Suppression du fichier temporaire tmp_JORFARTI000038793008.json 
03/09/2020 05:05:43 PM [OK] Fin du programme
03/09/2020 05:05:43 PM [OK] Lancement du programme
03/09/2020 05:05:43 PM [OK] Nom du fichier xml : C:\Users\CS5764\Desktop\codeNapoleon\assets\jorf\global\article\JORF\ARTI\00\00\38\79\30\JORFARTI000038793010.xml 
03/09/2020 05:05:43 PM [Ok] Recuperation de ID et le CONTENU
03/09/2020 05:05:43 PM [OK] Creation du fichier resultat : C:\Users\CS5764\Desktop\codeNapoleon\Resultats\articles\JORFARTI000038793010.json 
03/09/2020 05:05:43 PM [OK] Suppression du fichier temporaire tmp_JORFARTI000038793010.json 
03/09/2020 05:05:43 PM [OK] Fin du programme
03/09/2020 05:05:43 PM [OK] Lancement du programme
03/09/2020 05:05:43 PM [OK] Nom du fichier xml : C:\Users\CS5764\Desktop\codeNapoleon\assets\jorf\global\article\JORF\ARTI\00\00\38\79\30\JORFARTI000038793012.xml 
03/09/2020 05:05:43 PM [Ok] Recuperation de ID et le CONTENU
03/09/2020 05:05:43 PM [OK] Creation du fichier resultat : C:\Users\CS5764\Desktop\codeNapoleon\Resultats\articles\JORFARTI000038793012.json 
03/09/2020 05:05:44 PM [OK] Suppression du fichier temporaire tmp_JORFARTI000038793012.json 
03/09/2020 05:05:44 PM [OK] Fin du programme
03/09/2020 05:05:44 PM [OK] Lancement du programme
03/09/2020 05:05:44 PM [OK] Nom du fichier xml : C:\Users\CS5764\Desktop\codeNapoleon\assets\jorf\global\article\JORF\ARTI\00\00\38\79\30\JORFARTI000038793014.xml 
03/09/2020 05:05:44 PM [Ok] Recuperation de ID et le CONTENU
03/09/2020 05:05:44 PM [OK] Creation du fichier resultat : C:\Users\CS5764\Desktop\codeNapoleon\Resultats\articles\JORFARTI000038793014.json 
03/09/2020 05:05:44 PM [OK] Suppression du fichier temporaire tmp_JORFARTI000038793014.json 
03/09/2020 05:05:44 PM [OK] Fin du programme
03/09/2020 05:05:44 PM [OK] Lancement du programme
03/09/2020 05:05:44 PM [OK] Nom du fichier xml : C:\Users\CS5764\Desktop\codeNapoleon\assets\jorf\global\article\JORF\ARTI\00\00\38\79\30\JORFARTI000038793016.xml 
03/09/2020 05:05:44 PM [Ok] Recuperation de ID et le CONTENU
03/09/2020 05:05:44 PM [OK] Creation du fichier resultat : C:\Users\CS5764\Desktop\codeNapoleon\Resultats\articles\JORFARTI000038793016.json 
03/09/2020 05:05:44 PM [OK] Suppression du fichier temporaire tmp_JORFARTI000038793016.json 
03/09/2020 05:05:44 PM [OK] Fin du programme
03/09/2020 05:05:44 PM [OK] Lancement du programme
03/09/2020 05:05:44 PM [OK] Nom du fichier xml : C:\Users\CS5764\Desktop\codeNapoleon\assets\jorf\global\article\JORF\ARTI\00\00\38\79\30\JORFARTI000038793018.xml 
03/09/2020 05:05:44 PM [Ok] Recuperation de ID et le CONTENU
03/09/2020 05:05:44 PM [OK] Creation du fichier resultat : C:\Users\CS5764\Desktop\codeNapoleon\Resultats\articles\JORFARTI000038793018.json 
03/09/2020 05:05:44 PM [OK] Suppression du fichier temporaire tmp_JORFARTI000038793018.json 
03/09/2020 05:05:44 PM [OK] Fin du programme
03/09/2020 05:05:44 PM [OK] Lancement du programme
03/09/2020 05:05:44 PM [OK] Nom du fichier xml : C:\Users\CS5764\Desktop\codeNapoleon\assets\jorf\global\article\JORF\ARTI\00\00\38\79\30\JORFARTI000038793020.xml 
03/09/2020 05:05:44 PM [Ok] Recuperation de ID et le CONTENU
03/09/2020 05:05:44 PM [OK] Creation du fichier resultat : C:\Users\CS5764\Desktop\codeNapoleon\Resultats\articles\JORFARTI000038793020.json 
03/09/2020 05:05:44 PM [OK] Suppression du fichier temporaire tmp_JORFARTI000038793020.json 
03/09/2020 05:05:44 PM [OK] Fin du programme
03/09/2020 05:05:44 PM [OK] Lancement du programme
03/09/2020 05:05:44 PM [OK] Nom du fichier xml : C:\Users\CS5764\Desktop\codeNapoleon\assets\jorf\global\article\JORF\ARTI\00\00\38\79\30\JORFARTI000038793022.xml 
03/09/2020 05:05:44 PM [Ok] Recuperation de ID et le CONTENU
03/09/2020 05:05:44 PM [OK] Creation du fichier resultat : C:\Users\CS5764\Desktop\codeNapoleon\Resultats\articles\JORFARTI000038793022.json 
03/09/2020 05:05:45 PM [OK] Suppression du fichier temporaire tmp_JORFARTI000038793022.json 
03/09/2020 05:05:45 PM [OK] Fin du programme
03/09/2020 05:05:45 PM [OK] Lancement du programme
03/09/2020 05:05:45 PM [OK] Nom du fichier xml : C:\Users\CS5764\Desktop\codeNapoleon\assets\jorf\global\article\JORF\ARTI\00\00\38\79\30\JORFARTI000038793024.xml 
03/09/2020 05:05:45 PM [Ok] Recuperation de ID et le CONTENU
03/09/2020 05:05:45 PM [OK] Creation du fichier resultat : C:\Users\CS5764\Desktop\codeNapoleon\Resultats\articles\JORFARTI000038793024.json 
03/09/2020 05:05:45 PM [OK] Suppression du fichier temporaire tmp_JORFARTI000038793024.json 
03/09/2020 05:05:45 PM [OK] Fin du programme
03/09/2020 05:05:45 PM [OK] Lancement du programme
03/09/2020 05:05:45 PM [OK] Nom du fichier xml : C:\Users\CS5764\Desktop\codeNapoleon\assets\jorf\global\article\JORF\ARTI\00\00\38\79\30\JORFARTI000038793026.xml 
03/09/2020 05:05:45 PM [Ok] Recuperation de ID et le CONTENU
03/09/2020 05:05:45 PM [OK] Creation du fichier resultat : C:\Users\CS5764\Desktop\codeNapoleon\Resultats\articles\JORFARTI000038793026.json 
03/09/2020 05:05:45 PM [OK] Suppression du fichier temporaire tmp_JORFARTI000038793026.json 
03/09/2020 05:05:45 PM [OK] Fin du programme
03/09/2020 05:05:45 PM [OK] Lancement du programme
03/09/2020 05:05:45 PM [OK] Nom du fichier xml : C:\Users\CS5764\Desktop\codeNapoleon\assets\jorf\global\article\JORF\ARTI\00\00\38\79\30\JORFARTI000038793028.xml 
03/09/2020 05:05:45 PM [Ok] Recuperation de ID et le CONTENU
03/09/2020 05:05:45 PM [OK] Creation du fichier resultat : C:\Users\CS5764\Desktop\codeNapoleon\Resultats\articles\JORFARTI000038793028.json 
03/09/2020 05:05:46 PM [OK] Suppression du fichier temporaire tmp_JORFARTI000038793028.json 
03/09/2020 05:05:46 PM [OK] Fin du programme
03/09/2020 05:05:46 PM [OK] Lancement du programme
03/09/2020 05:05:46 PM [OK] Nom du fichier xml : C:\Users\CS5764\Desktop\codeNapoleon\assets\jorf\global\article\JORF\ARTI\00\00\38\79\30\JORFARTI000038793030.xml 
03/09/2020 05:05:46 PM [Ok] Recuperation de ID et le CONTENU
03/09/2020 05:05:46 PM [OK] Creation du fichier resultat : C:\Users\CS5764\Desktop\codeNapoleon\Resultats\articles\JORFARTI000038793030.json 
03/09/2020 05:05:46 PM [OK] Suppression du fichier temporaire tmp_JORFARTI000038793030.json 
03/09/2020 05:05:46 PM [OK] Fin du programme
03/09/2020 05:05:46 PM [OK] Lancement du programme
03/09/2020 05:05:46 PM [OK] Nom du fichier xml : C:\Users\CS5764\Desktop\codeNapoleon\assets\jorf\global\article\JORF\ARTI\00\00\38\79\30\JORFARTI000038793032.xml 
03/09/2020 05:05:46 PM [Ok] Recuperation de ID et le CONTENU
03/09/2020 05:05:46 PM [OK] Creation du fichier resultat : C:\Users\CS5764\Desktop\codeNapoleon\Resultats\articles\JORFARTI000038793032.json 
03/09/2020 05:05:46 PM [OK] Suppression du fichier temporaire tmp_JORFARTI000038793032.json 
03/09/2020 05:05:46 PM [OK] Fin du programme
03/09/2020 05:05:46 PM [OK] Lancement du programme
03/09/2020 05:05:46 PM [OK] Nom du fichier xml : C:\Users\CS5764\Desktop\codeNapoleon\assets\jorf\global\article\JORF\ARTI\00\00\38\79\30\JORFARTI000038793036.xml 
03/09/2020 05:05:46 PM [Ok] Recuperation de ID et le CONTENU
03/09/2020 05:05:46 PM [OK] Creation du fichier resultat : C:\Users\CS5764\Desktop\codeNapoleon\Resultats\articles\JORFARTI000038793036.json 
03/09/2020 05:05:46 PM [OK] Suppression du fichier temporaire tmp_JORFARTI000038793036.json 
03/09/2020 05:05:46 PM [OK] Fin du programme
03/09/2020 05:05:46 PM [OK] Lancement du programme
03/09/2020 05:05:46 PM [OK] Nom du fichier xml : C:\Users\CS5764\Desktop\codeNapoleon\assets\jorf\global\article\JORF\ARTI\00\00\38\79\30\JORFARTI000038793038.xml 
03/09/2020 05:05:46 PM [Ok] Recuperation de ID et le CONTENU
03/09/2020 05:05:46 PM [OK] Creation du fichier resultat : C:\Users\CS5764\Desktop\codeNapoleon\Resultats\articles\JORFARTI000038793038.json 
03/09/2020 05:05:47 PM [OK] Suppression du fichier temporaire tmp_JORFARTI000038793038.json 
03/09/2020 05:05:47 PM [OK] Fin du programme
03/09/2020 05:05:47 PM [OK] Lancement du programme
03/09/2020 05:05:47 PM [OK] Nom du fichier xml : C:\Users\CS5764\Desktop\codeNapoleon\assets\jorf\global\article\JORF\ARTI\00\00\38\79\30\JORFARTI000038793040.xml 
03/09/2020 05:05:47 PM [Ok] Recuperation de ID et le CONTENU
03/09/2020 05:05:47 PM [OK] Creation du fichier resultat : C:\Users\CS5764\Desktop\codeNapoleon\Resultats\articles\JORFARTI000038793040.json 
03/09/2020 05:05:47 PM [OK] Suppression du fichier temporaire tmp_JORFARTI000038793040.json 
03/09/2020 05:05:47 PM [OK] Fin du programme
03/09/2020 05:05:47 PM [OK] Lancement du programme
03/09/2020 05:05:47 PM [OK] Nom du fichier xml : C:\Users\CS5764\Desktop\codeNapoleon\assets\jorf\global\article\JORF\ARTI\00\00\38\79\30\JORFARTI000038793042.xml 
03/09/2020 05:05:47 PM [Ok] Recuperation de ID et le CONTENU
03/09/2020 05:05:47 PM [OK] Creation du fichier resultat : C:\Users\CS5764\Desktop\codeNapoleon\Resultats\articles\JORFARTI000038793042.json 
03/09/2020 05:05:47 PM [OK] Suppression du fichier temporaire tmp_JORFARTI000038793042.json 
03/09/2020 05:05:47 PM [OK] Fin du programme
03/09/2020 05:05:47 PM [OK] Lancement du programme
03/09/2020 05:05:47 PM [OK] Nom du fichier xml : C:\Users\CS5764\Desktop\codeNapoleon\assets\jorf\global\article\JORF\ARTI\00\00\38\79\30\JORFARTI000038793044.xml 
03/09/2020 05:05:47 PM [Ok] Recuperation de ID et le CONTENU
03/09/2020 05:05:47 PM [OK] Creation du fichier resultat : C:\Users\CS5764\Desktop\codeNapoleon\Resultats\articles\JORFARTI000038793044.json 
03/09/2020 05:05:47 PM [OK] Suppression du fichier temporaire tmp_JORFARTI000038793044.json 
03/09/2020 05:05:47 PM [OK] Fin du programme
03/09/2020 05:05:47 PM [OK] Lancement du programme
03/09/2020 05:05:47 PM [OK] Nom du fichier xml : C:\Users\CS5764\Desktop\codeNapoleon\assets\jorf\global\article\JORF\ARTI\00\00\38\79\30\JORFARTI000038793047.xml 
03/09/2020 05:05:47 PM [Ok] Recuperation de ID et le CONTENU
03/09/2020 05:05:47 PM [OK] Creation du fichier resultat : C:\Users\CS5764\Desktop\codeNapoleon\Resultats\articles\JORFARTI000038793047.json 
03/09/2020 05:05:48 PM [OK] Suppression du fichier temporaire tmp_JORFARTI000038793047.json 
03/09/2020 05:05:48 PM [OK] Fin du programme
03/09/2020 05:05:48 PM [OK] Lancement du programme
03/09/2020 05:05:48 PM [OK] Nom du fichier xml : C:\Users\CS5764\Desktop\codeNapoleon\assets\jorf\global\article\JORF\ARTI\00\00\38\79\30\JORFARTI000038793050.xml 
03/09/2020 05:05:48 PM [Ok] Recuperation de ID et le CONTENU
03/09/2020 05:05:48 PM [OK] Creation du fichier resultat : C:\Users\CS5764\Desktop\codeNapoleon\Resultats\articles\JORFARTI000038793050.json 
03/09/2020 05:05:48 PM [OK] Suppression du fichier temporaire tmp_JORFARTI000038793050.json 
03/09/2020 05:05:48 PM [OK] Fin du programme
03/09/2020 05:05:48 PM [OK] Lancement du programme
03/09/2020 05:05:48 PM [OK] Nom du fichier xml : C:\Users\CS5764\Desktop\codeNapoleon\assets\jorf\global\article\JORF\ARTI\00\00\38\79\30\JORFARTI000038793053.xml 
03/09/2020 05:05:48 PM [Ok] Recuperation de ID et le CONTENU
03/09/2020 05:05:48 PM [OK] Creation du fichier resultat : C:\Users\CS5764\Desktop\codeNapoleon\Resultats\articles\JORFARTI000038793053.json 
03/09/2020 05:05:48 PM [OK] Suppression du fichier temporaire tmp_JORFARTI000038793053.json 
03/09/2020 05:05:48 PM [OK] Fin du programme
03/09/2020 05:05:48 PM [OK] Lancement du programme
03/09/2020 05:05:48 PM [OK] Nom du fichier xml : C:\Users\CS5764\Desktop\codeNapoleon\assets\jorf\global\article\JORF\ARTI\00\00\38\79\30\JORFARTI000038793057.xml 
03/09/2020 05:05:48 PM [Ok] Recuperation de ID et le CONTENU
03/09/2020 05:05:48 PM [OK] Creation du fichier resultat : C:\Users\CS5764\Desktop\codeNapoleon\Resultats\articles\JORFARTI000038793057.json 
03/09/2020 05:05:48 PM [OK] Suppression du fichier temporaire tmp_JORFARTI000038793057.json 
03/09/2020 05:05:48 PM [OK] Fin du programme
03/09/2020 05:05:48 PM [OK] Lancement du programme
03/09/2020 05:05:48 PM [OK] Nom du fichier xml : C:\Users\CS5764\Desktop\codeNapoleon\assets\jorf\global\article\JORF\ARTI\00\00\38\79\30\JORFARTI000038793059.xml 
03/09/2020 05:05:48 PM [Ok] Recuperation de ID et le CONTENU
03/09/2020 05:05:48 PM [OK] Creation du fichier resultat : C:\Users\CS5764\Desktop\codeNapoleon\Resultats\articles\JORFARTI000038793059.json 
03/09/2020 05:05:48 PM [OK] Suppression du fichier temporaire tmp_JORFARTI000038793059.json 
03/09/2020 05:05:48 PM [OK] Fin du programme
03/09/2020 05:05:48 PM [OK] Lancement du programme
03/09/2020 05:05:48 PM [OK] Nom du fichier xml : C:\Users\CS5764\Desktop\codeNapoleon\assets\jorf\global\article\JORF\ARTI\00\00\38\79\30\JORFARTI000038793061.xml 
03/09/2020 05:05:48 PM [Ok] Recuperation de ID et le CONTENU
03/09/2020 05:05:48 PM [OK] Creation du fichier resultat : C:\Users\CS5764\Desktop\codeNapoleon\Resultats\articles\JORFARTI000038793061.json 
03/09/2020 05:05:49 PM [OK] Suppression du fichier temporaire tmp_JORFARTI000038793061.json 
03/09/2020 05:05:49 PM [OK] Fin du programme
03/09/2020 05:05:49 PM [OK] Lancement du programme
03/09/2020 05:05:49 PM [OK] Nom du fichier xml : C:\Users\CS5764\Desktop\codeNapoleon\assets\jorf\global\article\JORF\ARTI\00\00\38\79\30\JORFARTI000038793063.xml 
03/09/2020 05:05:49 PM [Ok] Recuperation de ID et le CONTENU
03/09/2020 05:05:49 PM [OK] Creation du fichier resultat : C:\Users\CS5764\Desktop\codeNapoleon\Resultats\articles\JORFARTI000038793063.json 
03/09/2020 05:05:49 PM [OK] Suppression du fichier temporaire tmp_JORFARTI000038793063.json 
03/09/2020 05:05:49 PM [OK] Fin du programme
03/09/2020 05:05:49 PM [OK] Lancement du programme
03/09/2020 05:05:49 PM [OK] Nom du fichier xml : C:\Users\CS5764\Desktop\codeNapoleon\assets\jorf\global\article\JORF\ARTI\00\00\38\79\30\JORFARTI000038793065.xml 
03/09/2020 05:05:49 PM [Ok] Recuperation de ID et le CONTENU
03/09/2020 05:05:49 PM [OK] Creation du fichier resultat : C:\Users\CS5764\Desktop\codeNapoleon\Resultats\articles\JORFARTI000038793065.json 
03/09/2020 05:05:50 PM [OK] Suppression du fichier temporaire tmp_JORFARTI000038793065.json 
03/09/2020 05:05:50 PM [OK] Fin du programme
03/09/2020 05:05:50 PM [OK] Lancement du programme
03/09/2020 05:05:50 PM [OK] Nom du fichier xml : C:\Users\CS5764\Desktop\codeNapoleon\assets\jorf\global\article\JORF\ARTI\00\00\38\79\30\JORFARTI000038793067.xml 
03/09/2020 05:05:50 PM [Ok] Recuperation de ID et le CONTENU
03/09/2020 05:05:50 PM [OK] Creation du fichier resultat : C:\Users\CS5764\Desktop\codeNapoleon\Resultats\articles\JORFARTI000038793067.json 
03/09/2020 05:05:50 PM [OK] Suppression du fichier temporaire tmp_JORFARTI000038793067.json 
03/09/2020 05:05:50 PM [OK] Fin du programme
03/09/2020 05:05:50 PM [OK] Lancement du programme
03/09/2020 05:05:50 PM [OK] Nom du fichier xml : C:\Users\CS5764\Desktop\codeNapoleon\assets\jorf\global\article\JORF\ARTI\00\00\38\79\30\JORFARTI000038793070.xml 
03/09/2020 05:05:50 PM [Ok] Recuperation de ID et le CONTENU
03/09/2020 05:05:50 PM [OK] Creation du fichier resultat : C:\Users\CS5764\Desktop\codeNapoleon\Resultats\articles\JORFARTI000038793070.json 
03/09/2020 05:05:50 PM [OK] Suppression du fichier temporaire tmp_JORFARTI000038793070.json 
03/09/2020 05:05:50 PM [OK] Fin du programme
03/09/2020 05:05:50 PM [OK] Lancement du programme
03/09/2020 05:05:50 PM [OK] Nom du fichier xml : C:\Users\CS5764\Desktop\codeNapoleon\assets\jorf\global\article\JORF\ARTI\00\00\38\79\30\JORFARTI000038793073.xml 
03/09/2020 05:05:50 PM [Ok] Recuperation de ID et le CONTENU
03/09/2020 05:05:50 PM [OK] Creation du fichier resultat : C:\Users\CS5764\Desktop\codeNapoleon\Resultats\articles\JORFARTI000038793073.json 
03/09/2020 05:05:50 PM [OK] Suppression du fichier temporaire tmp_JORFARTI000038793073.json 
03/09/2020 05:05:50 PM [OK] Fin du programme
03/09/2020 05:05:50 PM [OK] Lancement du programme
03/09/2020 05:05:50 PM [OK] Nom du fichier xml : C:\Users\CS5764\Desktop\codeNapoleon\assets\jorf\global\article\JORF\ARTI\00\00\38\79\30\JORFARTI000038793077.xml 
03/09/2020 05:05:50 PM [Ok] Recuperation de ID et le CONTENU
03/09/2020 05:05:50 PM [OK] Creation du fichier resultat : C:\Users\CS5764\Desktop\codeNapoleon\Resultats\articles\JORFARTI000038793077.json 
03/09/2020 05:05:51 PM [OK] Suppression du fichier temporaire tmp_JORFARTI000038793077.json 
03/09/2020 05:05:51 PM [OK] Fin du programme
03/09/2020 05:05:51 PM [OK] Lancement du programme
03/09/2020 05:05:51 PM [OK] Nom du fichier xml : C:\Users\CS5764\Desktop\codeNapoleon\assets\jorf\global\article\JORF\ARTI\00\00\38\79\30\JORFARTI000038793079.xml 
03/09/2020 05:05:51 PM [Ok] Recuperation de ID et le CONTENU
03/09/2020 05:05:51 PM [OK] Creation du fichier resultat : C:\Users\CS5764\Desktop\codeNapoleon\Resultats\articles\JORFARTI000038793079.json 
03/09/2020 05:05:51 PM [OK] Suppression du fichier temporaire tmp_JORFARTI000038793079.json 
03/09/2020 05:05:51 PM [OK] Fin du programme
03/09/2020 05:05:51 PM [OK] Lancement du programme
03/09/2020 05:05:51 PM [OK] Nom du fichier xml : C:\Users\CS5764\Desktop\codeNapoleon\assets\jorf\global\article\JORF\ARTI\00\00\38\79\30\JORFARTI000038793084.xml 
03/09/2020 05:05:51 PM [Ok] Recuperation de ID et le CONTENU
03/09/2020 05:05:51 PM [OK] Creation du fichier resultat : C:\Users\CS5764\Desktop\codeNapoleon\Resultats\articles\JORFARTI000038793084.json 
03/09/2020 05:05:52 PM [OK] Suppression du fichier temporaire tmp_JORFARTI000038793084.json 
03/09/2020 05:05:52 PM [OK] Fin du programme
03/09/2020 05:05:52 PM [OK] Lancement du programme
03/09/2020 05:05:52 PM [OK] Nom du fichier xml : C:\Users\CS5764\Desktop\codeNapoleon\assets\jorf\global\article\JORF\ARTI\00\00\38\79\30\JORFARTI000038793087.xml 
03/09/2020 05:05:52 PM [Ok] Recuperation de ID et le CONTENU
03/09/2020 05:05:52 PM [OK] Creation du fichier resultat : C:\Users\CS5764\Desktop\codeNapoleon\Resultats\articles\JORFARTI000038793087.json 
03/09/2020 05:05:52 PM [OK] Suppression du fichier temporaire tmp_JORFARTI000038793087.json 
03/09/2020 05:05:52 PM [OK] Fin du programme
03/09/2020 05:05:52 PM [OK] Lancement du programme
03/09/2020 05:05:52 PM [OK] Nom du fichier xml : C:\Users\CS5764\Desktop\codeNapoleon\assets\jorf\global\article\JORF\ARTI\00\00\38\79\30\JORFARTI000038793092.xml 
03/09/2020 05:05:52 PM [Ok] Recuperation de ID et le CONTENU
03/09/2020 05:05:52 PM [OK] Creation du fichier resultat : C:\Users\CS5764\Desktop\codeNapoleon\Resultats\articles\JORFARTI000038793092.json 
03/09/2020 05:05:52 PM [OK] Suppression du fichier temporaire tmp_JORFARTI000038793092.json 
03/09/2020 05:05:52 PM [OK] Fin du programme
03/09/2020 05:05:52 PM [OK] Lancement du programme
03/09/2020 05:05:52 PM [OK] Nom du fichier xml : C:\Users\CS5764\Desktop\codeNapoleon\assets\jorf\global\article\JORF\ARTI\00\00\38\79\30\JORFARTI000038793093.xml 
03/09/2020 05:05:52 PM [Ok] Recuperation de ID et le CONTENU
03/09/2020 05:05:52 PM [OK] Creation du fichier resultat : C:\Users\CS5764\Desktop\codeNapoleon\Resultats\articles\JORFARTI000038793093.json 
03/09/2020 05:05:52 PM [OK] Suppression du fichier temporaire tmp_JORFARTI000038793093.json 
03/09/2020 05:05:52 PM [OK] Fin du programme
03/09/2020 05:05:52 PM [OK] Lancement du programme
03/09/2020 05:05:52 PM [OK] Nom du fichier xml : C:\Users\CS5764\Desktop\codeNapoleon\assets\jorf\global\article\JORF\ARTI\00\00\38\79\30\JORFARTI000038793098.xml 
03/09/2020 05:05:52 PM [Ok] Recuperation de ID et le CONTENU
03/09/2020 05:05:52 PM [OK] Creation du fichier resultat : C:\Users\CS5764\Desktop\codeNapoleon\Resultats\articles\JORFARTI000038793098.json 
03/09/2020 05:05:53 PM [OK] Suppression du fichier temporaire tmp_JORFARTI000038793098.json 
03/09/2020 05:05:53 PM [OK] Fin du programme
03/09/2020 05:05:53 PM [OK] Lancement du programme
03/09/2020 05:05:53 PM [OK] Nom du fichier xml : C:\Users\CS5764\Desktop\codeNapoleon\assets\jorf\global\article\JORF\ARTI\00\00\38\79\30\JORFARTI000038793099.xml 
03/09/2020 05:05:53 PM [Ok] Recuperation de ID et le CONTENU
03/09/2020 05:05:53 PM [OK] Creation du fichier resultat : C:\Users\CS5764\Desktop\codeNapoleon\Resultats\articles\JORFARTI000038793099.json 
03/09/2020 05:05:53 PM [OK] Suppression du fichier temporaire tmp_JORFARTI000038793099.json 
03/09/2020 05:05:53 PM [OK] Fin du programme
03/09/2020 05:05:53 PM [OK] Lancement du programme
03/09/2020 05:05:53 PM [OK] Nom du fichier xml : C:\Users\CS5764\Desktop\codeNapoleon\assets\jorf\global\article\JORF\ARTI\00\00\38\79\31\JORFARTI000038793100.xml 
03/09/2020 05:05:53 PM [Ok] Recuperation de ID et le CONTENU
03/09/2020 05:05:53 PM [OK] Creation du fichier resultat : C:\Users\CS5764\Desktop\codeNapoleon\Resultats\articles\JORFARTI000038793100.json 
03/09/2020 05:05:53 PM [OK] Suppression du fichier temporaire tmp_JORFARTI000038793100.json 
03/09/2020 05:05:53 PM [OK] Fin du programme
03/09/2020 05:05:53 PM [OK] Lancement du programme
03/09/2020 05:05:53 PM [OK] Nom du fichier xml : C:\Users\CS5764\Desktop\codeNapoleon\assets\jorf\global\article\JORF\ARTI\00\00\38\79\31\JORFARTI000038793101.xml 
03/09/2020 05:05:53 PM [Ok] Recuperation de ID et le CONTENU
03/09/2020 05:05:53 PM [OK] Creation du fichier resultat : C:\Users\CS5764\Desktop\codeNapoleon\Resultats\articles\JORFARTI000038793101.json 
03/09/2020 05:05:53 PM [OK] Suppression du fichier temporaire tmp_JORFARTI000038793101.json 
03/09/2020 05:05:53 PM [OK] Fin du programme
03/09/2020 05:05:53 PM [OK] Lancement du programme
03/09/2020 05:05:53 PM [OK] Nom du fichier xml : C:\Users\CS5764\Desktop\codeNapoleon\assets\jorf\global\article\JORF\ARTI\00\00\38\79\31\JORFARTI000038793110.xml 
03/09/2020 05:05:53 PM [Ok] Recuperation de ID et le CONTENU
03/09/2020 05:05:53 PM [OK] Creation du fichier resultat : C:\Users\CS5764\Desktop\codeNapoleon\Resultats\articles\JORFARTI000038793110.json 
03/09/2020 05:05:53 PM [OK] Suppression du fichier temporaire tmp_JORFARTI000038793110.json 
03/09/2020 05:05:53 PM [OK] Fin du programme
03/09/2020 05:05:53 PM [OK] Lancement du programme
03/09/2020 05:05:53 PM [OK] Nom du fichier xml : C:\Users\CS5764\Desktop\codeNapoleon\assets\jorf\global\article\JORF\ARTI\00\00\38\79\31\JORFARTI000038793112.xml 
03/09/2020 05:05:53 PM [Ok] Recuperation de ID et le CONTENU
03/09/2020 05:05:53 PM [OK] Creation du fichier resultat : C:\Users\CS5764\Desktop\codeNapoleon\Resultats\articles\JORFARTI000038793112.json 
03/09/2020 05:05:54 PM [OK] Suppression du fichier temporaire tmp_JORFARTI000038793112.json 
03/09/2020 05:05:54 PM [OK] Fin du programme
03/09/2020 05:05:54 PM [OK] Lancement du programme
03/09/2020 05:05:54 PM [OK] Nom du fichier xml : C:\Users\CS5764\Desktop\codeNapoleon\assets\jorf\global\article\JORF\ARTI\00\00\38\79\31\JORFARTI000038793114.xml 
03/09/2020 05:05:54 PM [Ok] Recuperation de ID et le CONTENU
03/09/2020 05:05:54 PM [OK] Creation du fichier resultat : C:\Users\CS5764\Desktop\codeNapoleon\Resultats\articles\JORFARTI000038793114.json 
03/09/2020 05:05:54 PM [OK] Suppression du fichier temporaire tmp_JORFARTI000038793114.json 
03/09/2020 05:05:54 PM [OK] Fin du programme
03/09/2020 05:05:54 PM [OK] Lancement du programme
03/09/2020 05:05:54 PM [OK] Nom du fichier xml : C:\Users\CS5764\Desktop\codeNapoleon\assets\jorf\global\article\JORF\ARTI\00\00\38\79\31\JORFARTI000038793116.xml 
03/09/2020 05:05:54 PM [Ok] Recuperation de ID et le CONTENU
03/09/2020 05:05:54 PM [OK] Creation du fichier resultat : C:\Users\CS5764\Desktop\codeNapoleon\Resultats\articles\JORFARTI000038793116.json 
03/09/2020 05:05:55 PM [OK] Suppression du fichier temporaire tmp_JORFARTI000038793116.json 
03/09/2020 05:05:55 PM [OK] Fin du programme
03/09/2020 05:05:55 PM [OK] Lancement du programme
03/09/2020 05:05:55 PM [OK] Nom du fichier xml : C:\Users\CS5764\Desktop\codeNapoleon\assets\jorf\global\article\JORF\ARTI\00\00\38\79\31\JORFARTI000038793117.xml 
03/09/2020 05:05:55 PM [Ok] Recuperation de ID et le CONTENU
03/09/2020 05:05:55 PM [OK] Creation du fichier resultat : C:\Users\CS5764\Desktop\codeNapoleon\Resultats\articles\JORFARTI000038793117.json 
03/09/2020 05:05:55 PM [OK] Suppression du fichier temporaire tmp_JORFARTI000038793117.json 
03/09/2020 05:05:55 PM [OK] Fin du programme
03/09/2020 05:05:55 PM [OK] Lancement du programme
03/09/2020 05:05:55 PM [OK] Nom du fichier xml : C:\Users\CS5764\Desktop\codeNapoleon\assets\jorf\global\article\JORF\ARTI\00\00\38\79\31\JORFARTI000038793125.xml 
03/09/2020 05:05:55 PM [Ok] Recuperation de ID et le CONTENU
03/09/2020 05:05:55 PM [OK] Creation du fichier resultat : C:\Users\CS5764\Desktop\codeNapoleon\Resultats\articles\JORFARTI000038793125.json 
03/09/2020 05:05:55 PM [OK] Suppression du fichier temporaire tmp_JORFARTI000038793125.json 
03/09/2020 05:05:55 PM [OK] Fin du programme
03/09/2020 05:05:55 PM [OK] Lancement du programme
03/09/2020 05:05:55 PM [OK] Nom du fichier xml : C:\Users\CS5764\Desktop\codeNapoleon\assets\jorf\global\article\JORF\ARTI\00\00\38\79\31\JORFARTI000038793126.xml 
03/09/2020 05:05:55 PM [Ok] Recuperation de ID et le CONTENU
03/09/2020 05:05:55 PM [OK] Creation du fichier resultat : C:\Users\CS5764\Desktop\codeNapoleon\Resultats\articles\JORFARTI000038793126.json 
03/09/2020 05:05:55 PM [OK] Suppression du fichier temporaire tmp_JORFARTI000038793126.json 
03/09/2020 05:05:55 PM [OK] Fin du programme
03/09/2020 05:05:55 PM [OK] Lancement du programme
03/09/2020 05:05:55 PM [OK] Nom du fichier xml : C:\Users\CS5764\Desktop\codeNapoleon\assets\jorf\global\article\JORF\ARTI\00\00\38\79\31\JORFARTI000038793128.xml 
03/09/2020 05:05:55 PM [Ok] Recuperation de ID et le CONTENU
03/09/2020 05:05:55 PM [OK] Creation du fichier resultat : C:\Users\CS5764\Desktop\codeNapoleon\Resultats\articles\JORFARTI000038793128.json 
03/09/2020 05:05:56 PM [OK] Suppression du fichier temporaire tmp_JORFARTI000038793128.json 
03/09/2020 05:05:56 PM [OK] Fin du programme
03/09/2020 05:05:56 PM [OK] Lancement du programme
03/09/2020 05:05:56 PM [OK] Nom du fichier xml : C:\Users\CS5764\Desktop\codeNapoleon\assets\jorf\global\article\JORF\ARTI\00\00\38\79\31\JORFARTI000038793129.xml 
03/09/2020 05:05:56 PM [Ok] Recuperation de ID et le CONTENU
03/09/2020 05:05:56 PM [OK] Creation du fichier resultat : C:\Users\CS5764\Desktop\codeNapoleon\Resultats\articles\JORFARTI000038793129.json 
03/09/2020 05:05:56 PM [OK] Suppression du fichier temporaire tmp_JORFARTI000038793129.json 
03/09/2020 05:05:56 PM [OK] Fin du programme
03/09/2020 05:05:56 PM [OK] Lancement du programme
03/09/2020 05:05:56 PM [OK] Nom du fichier xml : C:\Users\CS5764\Desktop\codeNapoleon\assets\jorf\global\article\JORF\ARTI\00\00\38\79\31\JORFARTI000038793130.xml 
03/09/2020 05:05:56 PM [Ok] Recuperation de ID et le CONTENU
03/09/2020 05:05:56 PM [OK] Creation du fichier resultat : C:\Users\CS5764\Desktop\codeNapoleon\Resultats\articles\JORFARTI000038793130.json 
03/09/2020 05:05:56 PM [OK] Suppression du fichier temporaire tmp_JORFARTI000038793130.json 
03/09/2020 05:05:56 PM [OK] Fin du programme
03/09/2020 05:05:56 PM [OK] Lancement du programme
03/09/2020 05:05:56 PM [OK] Nom du fichier xml : C:\Users\CS5764\Desktop\codeNapoleon\assets\jorf\global\article\JORF\ARTI\00\00\38\79\31\JORFARTI000038793131.xml 
03/09/2020 05:05:56 PM [Ok] Recuperation de ID et le CONTENU
03/09/2020 05:05:56 PM [OK] Creation du fichier resultat : C:\Users\CS5764\Desktop\codeNapoleon\Resultats\articles\JORFARTI000038793131.json 
03/09/2020 05:05:56 PM [OK] Suppression du fichier temporaire tmp_JORFARTI000038793131.json 
03/09/2020 05:05:56 PM [OK] Fin du programme
03/09/2020 05:05:56 PM [OK] Lancement du programme
03/09/2020 05:05:56 PM [OK] Nom du fichier xml : C:\Users\CS5764\Desktop\codeNapoleon\assets\jorf\global\article\JORF\ARTI\00\00\38\79\31\JORFARTI000038793132.xml 
03/09/2020 05:05:56 PM [Ok] Recuperation de ID et le CONTENU
03/09/2020 05:05:56 PM [OK] Creation du fichier resultat : C:\Users\CS5764\Desktop\codeNapoleon\Resultats\articles\JORFARTI000038793132.json 
03/09/2020 05:05:56 PM [OK] Suppression du fichier temporaire tmp_JORFARTI000038793132.json 
03/09/2020 05:05:56 PM [OK] Fin du programme
03/09/2020 05:05:56 PM [OK] Lancement du programme
03/09/2020 05:05:56 PM [OK] Nom du fichier xml : C:\Users\CS5764\Desktop\codeNapoleon\assets\jorf\global\article\JORF\ARTI\00\00\38\79\31\JORFARTI000038793133.xml 
03/09/2020 05:05:56 PM [Ok] Recuperation de ID et le CONTENU
03/09/2020 05:05:56 PM [OK] Creation du fichier resultat : C:\Users\CS5764\Desktop\codeNapoleon\Resultats\articles\JORFARTI000038793133.json 
03/09/2020 05:05:57 PM [OK] Suppression du fichier temporaire tmp_JORFARTI000038793133.json 
03/09/2020 05:05:57 PM [OK] Fin du programme
03/09/2020 05:05:57 PM [OK] Lancement du programme
03/09/2020 05:05:57 PM [OK] Nom du fichier xml : C:\Users\CS5764\Desktop\codeNapoleon\assets\jorf\global\article\JORF\ARTI\00\00\38\79\31\JORFARTI000038793134.xml 
03/09/2020 05:05:57 PM [Ok] Recuperation de ID et le CONTENU
03/09/2020 05:05:57 PM [OK] Creation du fichier resultat : C:\Users\CS5764\Desktop\codeNapoleon\Resultats\articles\JORFARTI000038793134.json 
03/09/2020 05:05:57 PM [OK] Suppression du fichier temporaire tmp_JORFARTI000038793134.json 
03/09/2020 05:05:57 PM [OK] Fin du programme
03/09/2020 05:05:57 PM [OK] Lancement du programme
03/09/2020 05:05:57 PM [OK] Nom du fichier xml : C:\Users\CS5764\Desktop\codeNapoleon\assets\jorf\global\article\JORF\ARTI\00\00\38\79\31\JORFARTI000038793135.xml 
03/09/2020 05:05:57 PM [Ok] Recuperation de ID et le CONTENU
03/09/2020 05:05:57 PM [OK] Creation du fichier resultat : C:\Users\CS5764\Desktop\codeNapoleon\Resultats\articles\JORFARTI000038793135.json 
03/09/2020 05:05:57 PM [OK] Suppression du fichier temporaire tmp_JORFARTI000038793135.json 
03/09/2020 05:05:57 PM [OK] Fin du programme
03/09/2020 05:05:57 PM [OK] Lancement du programme
03/09/2020 05:05:57 PM [OK] Nom du fichier xml : C:\Users\CS5764\Desktop\codeNapoleon\assets\jorf\global\article\JORF\ARTI\00\00\38\79\31\JORFARTI000038793139.xml 
03/09/2020 05:05:57 PM [Ok] Recuperation de ID et le CONTENU
03/09/2020 05:05:57 PM [OK] Creation du fichier resultat : C:\Users\CS5764\Desktop\codeNapoleon\Resultats\articles\JORFARTI000038793139.json 
03/09/2020 05:05:57 PM [OK] Suppression du fichier temporaire tmp_JORFARTI000038793139.json 
03/09/2020 05:05:57 PM [OK] Fin du programme
03/09/2020 05:05:57 PM [OK] Lancement du programme
03/09/2020 05:05:57 PM [OK] Nom du fichier xml : C:\Users\CS5764\Desktop\codeNapoleon\assets\jorf\global\article\JORF\ARTI\00\00\38\79\31\JORFARTI000038793140.xml 
03/09/2020 05:05:57 PM [Ok] Recuperation de ID et le CONTENU
03/09/2020 05:05:57 PM [OK] Creation du fichier resultat : C:\Users\CS5764\Desktop\codeNapoleon\Resultats\articles\JORFARTI000038793140.json 
03/09/2020 05:05:57 PM [OK] Suppression du fichier temporaire tmp_JORFARTI000038793140.json 
03/09/2020 05:05:57 PM [OK] Fin du programme
03/09/2020 05:05:57 PM [OK] Lancement du programme
03/09/2020 05:05:57 PM [OK] Nom du fichier xml : C:\Users\CS5764\Desktop\codeNapoleon\assets\jorf\global\article\JORF\ARTI\00\00\38\79\31\JORFARTI000038793141.xml 
03/09/2020 05:05:57 PM [Ok] Recuperation de ID et le CONTENU
03/09/2020 05:05:57 PM [OK] Creation du fichier resultat : C:\Users\CS5764\Desktop\codeNapoleon\Resultats\articles\JORFARTI000038793141.json 
03/09/2020 05:05:58 PM [OK] Suppression du fichier temporaire tmp_JORFARTI000038793141.json 
03/09/2020 05:05:58 PM [OK] Fin du programme
03/09/2020 05:05:58 PM [OK] Lancement du programme
03/09/2020 05:05:58 PM [OK] Nom du fichier xml : C:\Users\CS5764\Desktop\codeNapoleon\assets\jorf\global\article\JORF\ARTI\00\00\38\79\31\JORFARTI000038793143.xml 
03/09/2020 05:05:58 PM [Ok] Recuperation de ID et le CONTENU
03/09/2020 05:05:58 PM [OK] Creation du fichier resultat : C:\Users\CS5764\Desktop\codeNapoleon\Resultats\articles\JORFARTI000038793143.json 
03/09/2020 05:05:58 PM [OK] Suppression du fichier temporaire tmp_JORFARTI000038793143.json 
03/09/2020 05:05:58 PM [OK] Fin du programme
03/09/2020 05:05:58 PM [OK] Lancement du programme
03/09/2020 05:05:58 PM [OK] Nom du fichier xml : C:\Users\CS5764\Desktop\codeNapoleon\assets\jorf\global\article\JORF\ARTI\00\00\38\79\31\JORFARTI000038793150.xml 
03/09/2020 05:05:58 PM [Ok] Recuperation de ID et le CONTENU
03/09/2020 05:05:58 PM [OK] Creation du fichier resultat : C:\Users\CS5764\Desktop\codeNapoleon\Resultats\articles\JORFARTI000038793150.json 
03/09/2020 05:05:59 PM [OK] Suppression du fichier temporaire tmp_JORFARTI000038793150.json 
03/09/2020 05:05:59 PM [OK] Fin du programme
03/09/2020 05:05:59 PM [OK] Lancement du programme
03/09/2020 05:05:59 PM [OK] Nom du fichier xml : C:\Users\CS5764\Desktop\codeNapoleon\assets\jorf\global\article\JORF\ARTI\00\00\38\79\31\JORFARTI000038793152.xml 
03/09/2020 05:05:59 PM [Ok] Recuperation de ID et le CONTENU
03/09/2020 05:05:59 PM [OK] Creation du fichier resultat : C:\Users\CS5764\Desktop\codeNapoleon\Resultats\articles\JORFARTI000038793152.json 
03/09/2020 05:05:59 PM [OK] Suppression du fichier temporaire tmp_JORFARTI000038793152.json 
03/09/2020 05:05:59 PM [OK] Fin du programme
03/09/2020 05:05:59 PM [OK] Lancement du programme
03/09/2020 05:05:59 PM [OK] Nom du fichier xml : C:\Users\CS5764\Desktop\codeNapoleon\assets\jorf\global\article\JORF\ARTI\00\00\38\79\31\JORFARTI000038793161.xml 
03/09/2020 05:05:59 PM [Ok] Recuperation de ID et le CONTENU
03/09/2020 05:05:59 PM [OK] Creation du fichier resultat : C:\Users\CS5764\Desktop\codeNapoleon\Resultats\articles\JORFARTI000038793161.json 
03/09/2020 05:05:59 PM [OK] Suppression du fichier temporaire tmp_JORFARTI000038793161.json 
03/09/2020 05:05:59 PM [OK] Fin du programme
03/09/2020 05:05:59 PM [OK] Lancement du programme
03/09/2020 05:05:59 PM [OK] Nom du fichier xml : C:\Users\CS5764\Desktop\codeNapoleon\assets\jorf\global\article\JORF\ARTI\00\00\38\79\31\JORFARTI000038793162.xml 
03/09/2020 05:05:59 PM [Ok] Recuperation de ID et le CONTENU
03/09/2020 05:05:59 PM [OK] Creation du fichier resultat : C:\Users\CS5764\Desktop\codeNapoleon\Resultats\articles\JORFARTI000038793162.json 
03/09/2020 05:05:59 PM [OK] Suppression du fichier temporaire tmp_JORFARTI000038793162.json 
03/09/2020 05:05:59 PM [OK] Fin du programme
03/09/2020 05:05:59 PM [OK] Lancement du programme
03/09/2020 05:05:59 PM [OK] Nom du fichier xml : C:\Users\CS5764\Desktop\codeNapoleon\assets\jorf\global\article\JORF\ARTI\00\00\38\79\31\JORFARTI000038793163.xml 
03/09/2020 05:05:59 PM [Ok] Recuperation de ID et le CONTENU
03/09/2020 05:05:59 PM [OK] Creation du fichier resultat : C:\Users\CS5764\Desktop\codeNapoleon\Resultats\articles\JORFARTI000038793163.json 
03/09/2020 05:05:59 PM [OK] Suppression du fichier temporaire tmp_JORFARTI000038793163.json 
03/09/2020 05:05:59 PM [OK] Fin du programme
03/09/2020 05:05:59 PM [OK] Lancement du programme
03/09/2020 05:05:59 PM [OK] Nom du fichier xml : C:\Users\CS5764\Desktop\codeNapoleon\assets\jorf\global\article\JORF\ARTI\00\00\38\79\31\JORFARTI000038793164.xml 
03/09/2020 05:05:59 PM [Ok] Recuperation de ID et le CONTENU
03/09/2020 05:05:59 PM [OK] Creation du fichier resultat : C:\Users\CS5764\Desktop\codeNapoleon\Resultats\articles\JORFARTI000038793164.json 
03/09/2020 05:05:59 PM [OK] Suppression du fichier temporaire tmp_JORFARTI000038793164.json 
03/09/2020 05:05:59 PM [OK] Fin du programme
03/09/2020 05:05:59 PM [OK] Lancement du programme
03/09/2020 05:05:59 PM [OK] Nom du fichier xml : C:\Users\CS5764\Desktop\codeNapoleon\assets\jorf\global\article\JORF\ARTI\00\00\38\79\31\JORFARTI000038793165.xml 
03/09/2020 05:05:59 PM [Ok] Recuperation de ID et le CONTENU
03/09/2020 05:05:59 PM [OK] Creation du fichier resultat : C:\Users\CS5764\Desktop\codeNapoleon\Resultats\articles\JORFARTI000038793165.json 
03/09/2020 05:06:00 PM [OK] Suppression du fichier temporaire tmp_JORFARTI000038793165.json 
03/09/2020 05:06:00 PM [OK] Fin du programme
03/09/2020 05:06:00 PM [OK] Lancement du programme
03/09/2020 05:06:00 PM [OK] Nom du fichier xml : C:\Users\CS5764\Desktop\codeNapoleon\assets\jorf\global\article\JORF\ARTI\00\00\38\79\31\JORFARTI000038793166.xml 
03/09/2020 05:06:00 PM [Ok] Recuperation de ID et le CONTENU
03/09/2020 05:06:00 PM [OK] Creation du fichier resultat : C:\Users\CS5764\Desktop\codeNapoleon\Resultats\articles\JORFARTI000038793166.json 
03/09/2020 05:06:00 PM [OK] Suppression du fichier temporaire tmp_JORFARTI000038793166.json 
03/09/2020 05:06:00 PM [OK] Fin du programme
03/09/2020 05:06:00 PM [OK] Lancement du programme
03/09/2020 05:06:00 PM [OK] Nom du fichier xml : C:\Users\CS5764\Desktop\codeNapoleon\assets\jorf\global\article\JORF\ARTI\00\00\38\79\31\JORFARTI000038793167.xml 
03/09/2020 05:06:00 PM [Ok] Recuperation de ID et le CONTENU
03/09/2020 05:06:00 PM [OK] Creation du fichier resultat : C:\Users\CS5764\Desktop\codeNapoleon\Resultats\articles\JORFARTI000038793167.json 
03/09/2020 05:06:00 PM [OK] Suppression du fichier temporaire tmp_JORFARTI000038793167.json 
03/09/2020 05:06:00 PM [OK] Fin du programme
03/09/2020 05:06:00 PM [OK] Lancement du programme
03/09/2020 05:06:00 PM [OK] Nom du fichier xml : C:\Users\CS5764\Desktop\codeNapoleon\assets\jorf\global\article\JORF\ARTI\00\00\38\79\31\JORFARTI000038793168.xml 
03/09/2020 05:06:00 PM [Ok] Recuperation de ID et le CONTENU
03/09/2020 05:06:00 PM [OK] Creation du fichier resultat : C:\Users\CS5764\Desktop\codeNapoleon\Resultats\articles\JORFARTI000038793168.json 
03/09/2020 05:06:00 PM [OK] Suppression du fichier temporaire tmp_JORFARTI000038793168.json 
03/09/2020 05:06:00 PM [OK] Fin du programme
03/09/2020 05:06:00 PM [OK] Lancement du programme
03/09/2020 05:06:00 PM [OK] Nom du fichier xml : C:\Users\CS5764\Desktop\codeNapoleon\assets\jorf\global\article\JORF\ARTI\00\00\38\79\31\JORFARTI000038793169.xml 
03/09/2020 05:06:00 PM [Ok] Recuperation de ID et le CONTENU
03/09/2020 05:06:00 PM [OK] Creation du fichier resultat : C:\Users\CS5764\Desktop\codeNapoleon\Resultats\articles\JORFARTI000038793169.json 
03/09/2020 05:06:01 PM [OK] Suppression du fichier temporaire tmp_JORFARTI000038793169.json 
03/09/2020 05:06:01 PM [OK] Fin du programme
03/09/2020 05:06:01 PM [OK] Lancement du programme
03/09/2020 05:06:01 PM [OK] Nom du fichier xml : C:\Users\CS5764\Desktop\codeNapoleon\assets\jorf\global\article\JORF\ARTI\00\00\38\79\31\JORFARTI000038793170.xml 
03/09/2020 05:06:01 PM [Ok] Recuperation de ID et le CONTENU
03/09/2020 05:06:01 PM [OK] Creation du fichier resultat : C:\Users\CS5764\Desktop\codeNapoleon\Resultats\articles\JORFARTI000038793170.json 
03/09/2020 05:06:01 PM [OK] Suppression du fichier temporaire tmp_JORFARTI000038793170.json 
03/09/2020 05:06:01 PM [OK] Fin du programme
03/09/2020 05:06:01 PM [OK] Lancement du programme
03/09/2020 05:06:01 PM [OK] Nom du fichier xml : C:\Users\CS5764\Desktop\codeNapoleon\assets\jorf\global\article\JORF\ARTI\00\00\38\79\31\JORFARTI000038793171.xml 
03/09/2020 05:06:01 PM [Ok] Recuperation de ID et le CONTENU
03/09/2020 05:06:01 PM [OK] Creation du fichier resultat : C:\Users\CS5764\Desktop\codeNapoleon\Resultats\articles\JORFARTI000038793171.json 
03/09/2020 05:06:01 PM [OK] Suppression du fichier temporaire tmp_JORFARTI000038793171.json 
03/09/2020 05:06:01 PM [OK] Fin du programme
03/09/2020 05:06:01 PM [OK] Lancement du programme
03/09/2020 05:06:01 PM [OK] Nom du fichier xml : C:\Users\CS5764\Desktop\codeNapoleon\assets\jorf\global\article\JORF\ARTI\00\00\38\79\31\JORFARTI000038793175.xml 
03/09/2020 05:06:01 PM [Ok] Recuperation de ID et le CONTENU
03/09/2020 05:06:01 PM [OK] Creation du fichier resultat : C:\Users\CS5764\Desktop\codeNapoleon\Resultats\articles\JORFARTI000038793175.json 
03/09/2020 05:06:01 PM [OK] Suppression du fichier temporaire tmp_JORFARTI000038793175.json 
03/09/2020 05:06:01 PM [OK] Fin du programme
03/09/2020 05:06:01 PM [OK] Lancement du programme
03/09/2020 05:06:01 PM [OK] Nom du fichier xml : C:\Users\CS5764\Desktop\codeNapoleon\assets\jorf\global\article\JORF\ARTI\00\00\38\79\31\JORFARTI000038793176.xml 
03/09/2020 05:06:01 PM [Ok] Recuperation de ID et le CONTENU
03/09/2020 05:06:01 PM [OK] Creation du fichier resultat : C:\Users\CS5764\Desktop\codeNapoleon\Resultats\articles\JORFARTI000038793176.json 
03/09/2020 05:06:02 PM [OK] Suppression du fichier temporaire tmp_JORFARTI000038793176.json 
03/09/2020 05:06:02 PM [OK] Fin du programme
03/09/2020 05:06:02 PM [OK] Lancement du programme
03/09/2020 05:06:02 PM [OK] Nom du fichier xml : C:\Users\CS5764\Desktop\codeNapoleon\assets\jorf\global\article\JORF\ARTI\00\00\38\79\31\JORFARTI000038793177.xml 
03/09/2020 05:06:02 PM [Ok] Recuperation de ID et le CONTENU
03/09/2020 05:06:02 PM [OK] Creation du fichier resultat : C:\Users\CS5764\Desktop\codeNapoleon\Resultats\articles\JORFARTI000038793177.json 
03/09/2020 05:08:41 PM  Starting program 
03/09/2020 05:09:55 PM  Starting program 
03/09/2020 05:09:57 PM  program finished
